MoPub/mopub-sample/build/intermediates/proguard-rules/debug/aapt_rules.txt
# view res/layout/native_gallery_fragment.xml #generated:64
-keep class android.support.v4.view.ViewPager { <init>(...); }

# view AndroidManifest.xml #generated:37
-keep class com.mopub.common.MoPubBrowser { <init>(...); }

# view AndroidManifest.xml #generated:31
-keep class com.mopub.mobileads.MoPubActivity { <init>(...); }

# view res/layout/banner_detail_fragment.xml #generated:55
# view res/layout/mrect_detail_fragment.xml #generated:54
-keep class com.mopub.mobileads.MoPubView { <init>(...); }

# view AndroidManifest.xml #generated:34
-keep class com.mopub.mobileads.MraidActivity { <init>(...); }

# view AndroidManifest.xml #generated:40
-keep class com.mopub.mobileads.MraidVideoPlayerActivity { <init>(...); }

# view AndroidManifest.xml #generated:21
-keep class com.mopub.simpleadsdemo.MoPubSampleActivity { <init>(...); }