MoPub/mopub-sample/build/outputs/mapping/debug/mapping.txt
com.google.android.gms.games.quest.MilestoneEntityCreator -> com.google.android.gms.games.quest.a:
    com.google.android.gms.games.quest.MilestoneEntity createFromParcel(android.os.Parcel) -> a
    com.google.android.gms.games.quest.MilestoneEntity[] newArray(int) -> a
    void a(com.google.android.gms.games.quest.MilestoneEntity,android.os.Parcel,int) -> a
    java.lang.Object[] newArray(int) -> newArray
    java.lang.Object createFromParcel(android.os.Parcel) -> createFromParcel
com.google.android.gms.games.quest.MilestoneRef -> com.google.android.gms.games.quest.MilestoneRef:
    java.lang.String getMilestoneId() -> j_
    long getCurrentProgress() -> c
    java.lang.String getEventId() -> d
    long iI() -> i
    long getTargetProgress() -> f
    byte[] getCompletionRewardData() -> g
    int getState() -> e
    com.google.android.gms.games.quest.Milestone freeze() -> h
    int hashCode() -> hashCode
    boolean equals(java.lang.Object) -> equals
    java.lang.String toString() -> toString
    int describeContents() -> describeContents
    void writeToParcel(android.os.Parcel,int) -> writeToParcel
    java.lang.Object freeze() -> a
com.google.android.gms.games.quest.Quest -> com.google.android.gms.games.quest.Quest:
    int[] QUEST_STATE_ALL -> b_
    java.lang.String[] QUEST_STATE_NON_TERMINAL -> c_
    java.lang.String getQuestId() -> k_
    java.lang.String getName() -> c
    java.lang.String getDescription() -> d
    android.net.Uri getBannerImageUri() -> e
    java.lang.String getBannerImageUrl() -> f
    android.net.Uri getIconImageUri() -> g
    java.lang.String getIconImageUrl() -> h
    java.util.List iJ() -> i
    com.google.android.gms.games.Game getGame() -> j
    int getState() -> k
    int getType() -> l
    long getAcceptedTimestamp() -> m
    long getEndTimestamp() -> n
    long getLastUpdatedTimestamp() -> o
    long iK() -> p
    long getStartTimestamp() -> q
com.google.android.gms.games.quest.QuestEntity -> com.google.android.gms.games.quest.QuestEntity:
    com.google.android.gms.games.quest.QuestEntityCreator CREATOR -> CREATOR
    int xM -> c
    com.google.android.gms.games.GameEntity Rt -> d
    java.lang.String TP -> e
    long TQ -> f
    android.net.Uri TR -> g
    java.lang.String TS -> h
    java.lang.String Mp -> i
    long TT -> j
    long TB -> k
    android.net.Uri TU -> l
    java.lang.String TV -> m
    java.lang.String mName -> n
    long TW -> o
    long TX -> p
    int mState -> q
    int AT -> r
    java.util.ArrayList TY -> s
    int getVersionCode() -> r
    java.lang.String getQuestId() -> k_
    java.lang.String getName() -> c
    java.lang.String getDescription() -> d
    android.net.Uri getIconImageUri() -> g
    java.lang.String getIconImageUrl() -> h
    android.net.Uri getBannerImageUri() -> e
    java.lang.String getBannerImageUrl() -> f
    java.util.List iJ() -> i
    com.google.android.gms.games.Game getGame() -> j
    int getState() -> k
    int getType() -> l
    long getAcceptedTimestamp() -> m
    long getEndTimestamp() -> n
    long getLastUpdatedTimestamp() -> o
    long iK() -> p
    long getStartTimestamp() -> q
    com.google.android.gms.games.quest.Quest freeze() -> s
    int hashCode() -> hashCode
    int a(com.google.android.gms.games.quest.Quest) -> a
    boolean equals(java.lang.Object) -> equals
    boolean a(com.google.android.gms.games.quest.Quest,java.lang.Object) -> a
com.google.android.gms.games.quest.QuestEntityCreator -> com.google.android.gms.games.quest.b:
    com.google.android.gms.games.quest.QuestEntity createFromParcel(android.os.Parcel) -> a
    com.google.android.gms.games.quest.QuestEntity[] newArray(int) -> a
    void a(com.google.android.gms.games.quest.QuestEntity,android.os.Parcel,int) -> a
    java.lang.Object[] newArray(int) -> newArray
    java.lang.Object createFromParcel(android.os.Parcel) -> createFromParcel