MoPub/mopub-sample/build/outputs/mapping/debug/usage.txt
com.google.android.gms.games.internal.game.Acls$OnNotifyAclUpdatedCallback
com.google.android.gms.games.internal.game.ExtendedGameBuffer
com.google.android.gms.games.internal.game.ExtendedGameEntity:
    public boolean isDataValid()
com.google.android.gms.games.internal.game.ExtendedGameRef:
    ExtendedGameRef(com.google.android.gms.common.data.DataHolder,int,int)
com.google.android.gms.games.internal.game.GameBadgeBuffer
com.google.android.gms.games.internal.game.GameBadgeEntity:
    public boolean isDataValid()
com.google.android.gms.games.internal.game.GameInstance
com.google.android.gms.games.internal.game.GameInstanceBuffer
com.google.android.gms.games.internal.game.GameInstanceRef
com.google.android.gms.games.internal.multiplayer.ZInvitationCluster:
    public boolean isDataValid()
com.google.android.gms.games.internal.notification.GameNotification
com.google.android.gms.games.internal.notification.GameNotificationBuffer
com.google.android.gms.games.internal.notification.GameNotificationRef
com.google.android.gms.games.internal.player.MostRecentGameInfoEntity:
    public boolean isDataValid()
com.google.android.gms.games.internal.request.GameRequestCluster:
    public boolean isConsumed(java.lang.String)
    public boolean isDataValid()
com.google.android.gms.games.internal.request.RequestUpdateOutcomes
com.google.android.gms.games.internal.request.RequestUpdateOutcomes$1
com.google.android.gms.games.internal.request.RequestUpdateOutcomes$Builder
com.google.android.gms.games.leaderboard.Leaderboard
com.google.android.gms.games.leaderboard.LeaderboardBuffer
com.google.android.gms.games.leaderboard.LeaderboardEntity
com.google.android.gms.games.leaderboard.LeaderboardRef
com.google.android.gms.games.leaderboard.LeaderboardScore
com.google.android.gms.games.leaderboard.LeaderboardScoreBuffer
com.google.android.gms.games.leaderboard.LeaderboardScoreBufferHeader
com.google.android.gms.games.leaderboard.LeaderboardScoreBufferHeader$1
com.google.android.gms.games.leaderboard.LeaderboardScoreBufferHeader$Builder
com.google.android.gms.games.leaderboard.LeaderboardScoreEntity
com.google.android.gms.games.leaderboard.LeaderboardScoreRef
com.google.android.gms.games.leaderboard.LeaderboardVariant
com.google.android.gms.games.leaderboard.LeaderboardVariantEntity
com.google.android.gms.games.leaderboard.LeaderboardVariantRef
com.google.android.gms.games.leaderboard.Leaderboards
com.google.android.gms.games.leaderboard.Leaderboards$LeaderboardMetadataResult
com.google.android.gms.games.leaderboard.Leaderboards$LoadPlayerScoreResult
com.google.android.gms.games.leaderboard.Leaderboards$LoadScoresResult
com.google.android.gms.games.leaderboard.Leaderboards$SubmitScoreResult
com.google.android.gms.games.leaderboard.ScoreSubmissionData
com.google.android.gms.games.leaderboard.ScoreSubmissionData$Result
com.google.android.gms.games.multiplayer.Invitation:
    public static final int INVITATION_TYPE_REAL_TIME
    public static final int INVITATION_TYPE_TURN_BASED
com.google.android.gms.games.multiplayer.InvitationBuffer
com.google.android.gms.games.multiplayer.InvitationEntity:
    public boolean isDataValid()
com.google.android.gms.games.multiplayer.InvitationRef:
    InvitationRef(com.google.android.gms.common.data.DataHolder,int,int)
com.google.android.gms.games.multiplayer.Invitations
com.google.android.gms.games.multiplayer.Invitations$LoadInvitationsResult
com.google.android.gms.games.multiplayer.Multiplayer
com.google.android.gms.games.multiplayer.OnInvitationReceivedListener
com.google.android.gms.games.multiplayer.Participant:
    public static final int STATUS_NOT_INVITED_YET
    public static final int STATUS_INVITED
    public static final int STATUS_JOINED
    public static final int STATUS_DECLINED
    public static final int STATUS_LEFT
    public static final int STATUS_FINISHED
    public static final int STATUS_UNRESPONSIVE
    public abstract void getDisplayName(android.database.CharArrayBuffer)